<?xml version="1.0" encoding="UTF-8"?>
<beans xmlns="http://www.springframework.org/schema/beans"
       xmlns:xsi="http://www.w3.org/2001/XMLSchema-instance"
       xmlns:mvc="http://www.springframework.org/schema/mvc"
       xmlns:beans="http://www.springframework.org/schema/beans"
       xmlns:context="http://www.springframework.org/schema/context"
       xmlns:tx="http://www.springframework.org/schema/tx"
       xmlns:nsq="http://www.youzan.com/schema/nsq"
       xsi:schemaLocation="http://www.springframework.org/schema/mvc
	http://www.springframework.org/schema/mvc/spring-mvc.xsd
    http://www.springframework.org/schema/beans
    http://www.springframework.org/schema/beans/spring-beans-4.1.xsd
    http://www.springframework.org/schema/tx
    http://www.springframework.org/schema/tx/spring-tx.xsd
    http://www.springframework.org/schema/context
    http://www.springframework.org/schema/context/spring-context.xsd
    http://www.youzan.com/schema/nsq http://www.youzan.com/schema/nsq/spring-nsq-1.0.xsd">

    <!-- Root Context: defines shared resources visible to all other web components -->

    <!-- 注入获取上下文工具类的applicationContext属性 -->
    <bean class="com.jjf.utils.SpringContextUtil"></bean>

    <!-- 注解支持 -->
    <context:annotation-config />

    <!-- 启动组件扫描，排除@Controller组件，该组件由SpringMVC配置文件扫描 -->
    <!--<context:component-scan base-package="com.zlzkj.**">-->
        <!--<context:exclude-filter type="annotation"-->
                                <!--expression="org.springframework.stereotype.Controller" />-->
    <!--</context:component-scan>-->

    <!-- 引入配置文件 -->
    <context:property-placeholder location="classpath:jdbc.properties" />

    <!-- 淘宝开源连接池 -->
    <!--<bean id="dataSource" class="com.alibaba.druid.pool.DruidDataSource"-->
          <!--init-method="init" destroy-method="close">-->
        <!--&lt;!&ndash; 基本属性 url、user、password &ndash;&gt;-->
        <!--<property name="url" value="${jdbc.url}" />-->
        <!--<property name="username" value="${jdbc.username}" />-->
        <!--<property name="password" value="${jdbc.password}" />-->

        <!--&lt;!&ndash; Filters &ndash;&gt;-->
        <!--&lt;!&ndash; <property name="filters" value="config,stat" />-->
        <!--<property name="connectionProperties" value="config.decrypt=true" /> &ndash;&gt;-->
        <!--<property name="filters" value="stat" />-->
        <!--&lt;!&ndash; 配置初始化大小、最小、最大 &ndash;&gt;-->
        <!--<property name="initialSize" value="1" />-->
        <!--<property name="minIdle" value="1" />-->
        <!--<property name="maxActive" value="20" />-->

        <!--&lt;!&ndash; 配置获取连接等待超时的时间 &ndash;&gt;-->
        <!--<property name="maxWait" value="60000" />-->

        <!--&lt;!&ndash; 配置间隔多久才进行一次检测，检测需要关闭的空闲连接，单位是毫秒 &ndash;&gt;-->
        <!--<property name="timeBetweenEvictionRunsMillis" value="60000" />-->

        <!--&lt;!&ndash; 配置一个连接在池中最小生存的时间，单位是毫秒 &ndash;&gt;-->
        <!--<property name="minEvictableIdleTimeMillis" value="300000" />-->

        <!--<property name="validationQuery" value="SELECT 'x'" />-->
        <!--<property name="testWhileIdle" value="true" />-->
        <!--<property name="testOnBorrow" value="false" />-->
        <!--<property name="testOnReturn" value="false" />-->

        <!--&lt;!&ndash; 打开PSCache，并且指定每个连接上PSCache的大小 &ndash;&gt;-->
        <!--<property name="poolPreparedStatements" value="false" />-->
        <!--<property name="maxPoolPreparedStatementPerConnectionSize"-->
                  <!--value="20" />-->
    <!--</bean>-->

    <!--&lt;!&ndash; mybatis session Factory &ndash;&gt;-->
    <!--<bean id="sqlSessionFactory"-->
          <!--class="org.mybatis.spring.SqlSessionFactoryBean">-->
        <!--<property name="mapperLocations"   value="classpath:mybatis/*.xml" />-->
        <!--<property name="dataSource" ref="dataSource" />-->
    <!--</bean>-->

    <!--&lt;!&ndash;&lt;!&ndash; 自动扫描mapper &ndash;&gt;&ndash;&gt;-->
    <!--<bean class="org.mybatis.spring.mapper.MapperScannerConfigurer">-->
        <!--<property name="basePackage" value="com.jjf.mybatis.mapper" />-->
    <!--</bean>-->


    <nsq:producer topic="citic_settlement_inst" id="testTrans">
        <nsq:config cluster-host="nsq-dev.s.qima-inc.com" cluster-port="4161"/>
    </nsq:producer>

</beans>
